<?xml version="1.0" encoding="UTF-8"?>
<!-- Generated by org.testng.reporters.JUnitReportReporter -->
<testsuite hostname="ranjeethv" name="AllTests.Watchings" tests="1" failures="0" timestamp="24 Sep 2014 10:35:19 GMT" time="50.912" errors="0">
  <testcase name="f" time="50.912" classname="AllTests.Watchings"/>
</testsuite> <!-- AllTests.Watchings -->
