<?xml version="1.0" encoding="UTF-8"?>
<!-- Generated by org.testng.reporters.JUnitReportReporter -->
<testsuite hostname="ranjeethv" name="AllTests.ItemMatching" tests="1" failures="0" timestamp="23 Sep 2014 11:29:09 GMT" time="40.317" errors="0">
  <testcase name="ItemsMatching" time="40.317" classname="AllTests.ItemMatching"/>
</testsuite> <!-- AllTests.ItemMatching -->
