<?xml version="1.0" encoding="UTF-8"?>
<!-- Generated by org.testng.reporters.JUnitReportReporter -->
<testsuite hostname="ranjeethv" name="AllTests.RulesAndPolicies" tests="1" failures="0" timestamp="24 Sep 2014 10:35:19 GMT" time="123.039" errors="0">
  <testcase name="RulesAndPoliciess" time="123.039" classname="AllTests.RulesAndPolicies"/>
</testsuite> <!-- AllTests.RulesAndPolicies -->
