<?xml version="1.0" encoding="UTF-8"?>
<!-- Generated by org.testng.reporters.JUnitReportReporter -->
<testsuite hostname="ranjeethv" name="AllTests.ItemMatching" tests="1" failures="0" timestamp="24 Sep 2014 10:35:19 GMT" time="35.831" errors="0">
  <testcase name="ItemsMatching" time="35.831" classname="AllTests.ItemMatching"/>
</testsuite> <!-- AllTests.ItemMatching -->
