<?xml version="1.0" encoding="UTF-8"?>
<!-- Generated by org.testng.reporters.JUnitReportReporter -->
<testsuite hostname="ranjeethv" name="AllTests.WatchList" tests="1" failures="0" timestamp="23 Sep 2014 11:29:09 GMT" time="52.291" errors="0">
  <testcase name="f" time="52.291" classname="AllTests.WatchList"/>
</testsuite> <!-- AllTests.WatchList -->
