<?xml version="1.0" encoding="UTF-8"?>
<!-- Generated by org.testng.reporters.JUnitReportReporter -->
<testsuite hostname="ranjeethv" name="AllTests.RulesAndPolicies" tests="1" failures="0" timestamp="23 Sep 2014 11:29:09 GMT" time="90.654" errors="0">
  <testcase name="RulesAndPoliciess" time="90.654" classname="AllTests.RulesAndPolicies"/>
</testsuite> <!-- AllTests.RulesAndPolicies -->
