<?xml version="1.0" encoding="UTF-8"?>
<!-- Generated by org.testng.reporters.JUnitReportReporter -->
<testsuite hostname="ranjeethv" name="AllTests.WatchList" tests="1" failures="0" timestamp="24 Sep 2014 10:35:19 GMT" time="60.845" errors="0">
  <testcase name="f" time="60.845" classname="AllTests.WatchList"/>
</testsuite> <!-- AllTests.WatchList -->
