<?xml version="1.0" encoding="UTF-8"?>
<!-- Generated by org.testng.reporters.JUnitReportReporter -->
<testsuite hostname="ranjeethv" name="AllTests.SideScroll" tests="1" failures="0" timestamp="23 Sep 2014 11:29:09 GMT" time="34.182" errors="0">
  <testcase name="Sideescroll" time="34.182" classname="AllTests.SideScroll"/>
</testsuite> <!-- AllTests.SideScroll -->
